BLOCK_SIZE: 60
parse /Users/matthewwhittemore/mcw/cubism/instagrams/4HVd7yQPcS.jpg 1 of 28
parse /Users/matthewwhittemore/mcw/cubism/instagrams/4DseNzDZZd.jpg 2 of 28
parse /Users/matthewwhittemore/mcw/cubism/instagrams/4AOovkBtfA.jpg 3 of 28
parse /Users/matthewwhittemore/mcw/cubism/instagrams/360WoppP2b.jpg 4 of 28
parse /Users/matthewwhittemore/mcw/cubism/instagrams/35a7T6q_9J.jpg 5 of 28
parse /Users/matthewwhittemore/mcw/cubism/instagrams/34md2wFHLL.jpg 6 of 28
parse /Users/matthewwhittemore/mcw/cubism/instagrams/335qJtHTbB.jpg 7 of 28
parse /Users/matthewwhittemore/mcw/cubism/instagrams/3y5SrNuHE1.jpg 8 of 28
parse /Users/matthewwhittemore/mcw/cubism/instagrams/3yCFY9gjcW.jpg 9 of 28
parse /Users/matthewwhittemore/mcw/cubism/instagrams/3x-ULXvINe.jpg 10 of 28
parse /Users/matthewwhittemore/mcw/cubism/instagrams/3n7MpHLoxe.jpg 11 of 28
parse /Users/matthewwhittemore/mcw/cubism/instagrams/3mTbucMsPm.jpg 12 of 28
parse /Users/matthewwhittemore/mcw/cubism/instagrams/3lW3YyAWbL.jpg 13 of 28
parse /Users/matthewwhittemore/mcw/cubism/instagrams/3kXIf3ACO6.jpg 14 of 28
parse /Users/matthewwhittemore/mcw/cubism/instagrams/3exMabOEwv.jpg 15 of 28
parse /Users/matthewwhittemore/mcw/cubism/instagrams/3crI_PwSPc.jpg 16 of 28
parse /Users/matthewwhittemore/mcw/cubism/instagrams/3bWOR1Q8Ob.jpg 17 of 28
parse /Users/matthewwhittemore/mcw/cubism/instagrams/3arqGAsp33.jpg 18 of 28
parse /Users/matthewwhittemore/mcw/cubism/instagrams/3ak1dfFha1.jpg 19 of 28
parse /Users/matthewwhittemore/mcw/cubism/instagrams/3UsuwyHj5S.jpg 20 of 28
parse /Users/matthewwhittemore/mcw/cubism/instagrams/3TVtTIh7JG.jpg 21 of 28
parse /Users/matthewwhittemore/mcw/cubism/instagrams/3TQnWwD5_O.jpg 22 of 28
parse /Users/matthewwhittemore/mcw/cubism/instagrams/3R4g75yxAu.jpg 23 of 28
parse /Users/matthewwhittemore/mcw/cubism/instagrams/3PaTgQgaV5.jpg 24 of 28
parse /Users/matthewwhittemore/mcw/cubism/instagrams/3OQDe5RbDu.jpg 25 of 28
parse /Users/matthewwhittemore/mcw/cubism/instagrams/3Nn7F7tckF.jpg 26 of 28
parse /Users/matthewwhittemore/mcw/cubism/instagrams/3JSnDeAiNg.jpg 27 of 28
Train! 184302
iterations: 0 training error: 0.04435114811977298
iterations: 20 training error: 0.04458640201688211
iterations: 40 training error: 0.04458646698198302
iterations: 60 training error: 0.044586478016819774
iterations: 80 training error: 0.044586482533038534
iterations: 100 training error: 0.04458648493828308
iterations: 120 training error: 0.04458648637536225
iterations: 140 training error: 0.04458648726186567
iterations: 160 training error: 0.044586487767309224
iterations: 180 training error: 0.04458648793349572
iterations: 200 training error: 0.04458648766682412
iterations: 220 training error: 0.04458648653243099
iterations: 240 training error: 0.044586482474593056
iterations: 260 training error: 0.04458645141881641
iterations: 280 training error: 0.04144927154068756
iterations: 300 training error: 0.044014616448083216
iterations: 320 training error: 0.04458644041396465
iterations: 340 training error: 0.04458647477689039
iterations: 360 training error: 0.04458648292021288
iterations: 380 training error: 0.04458648654813193
iterations: 400 training error: 0.04458648859672092
iterations: 420 training error: 0.04458648991129384
iterations: 440 training error: 0.044586490825655474
iterations: 460 training error: 0.04458649149801688
iterations: 480 training error: 0.04458649201298734
iterations: 500 training error: 0.04458649241989061
iterations: 520 training error: 0.044586492749413
iterations: 540 training error: 0.044586493021641756
iterations: 560 training error: 0.04458649325027681
iterations: 580 training error: 0.04458649344497575
iterations: 600 training error: 0.04458649361274319
iterations: 620 training error: 0.04458649375878528
iterations: 640 training error: 0.044586493887048335
iterations: 660 training error: 0.04458649400057859
iterations: 680 training error: 0.044586494101768556
iterations: 700 training error: 0.04458649419251396
iterations: 720 training error: 0.04458649427434854
iterations: 740 training error: 0.04458649434851479
iterations: 760 training error: 0.04458649441603893
iterations: 780 training error: 0.0445864944777683
iterations: 800 training error: 0.04458649453441727
iterations: 820 training error: 0.04458649458658309
iterations: 840 training error: 0.044586494634774515
iterations: 860 training error: 0.04458649467942788
iterations: 880 training error: 0.04458649472091769
iterations: 900 training error: 0.04458649475956497
iterations: 920 training error: 0.04458649479565079
iterations: 940 training error: 0.044586494829420516
iterations: 960 training error: 0.04458649486108898
iterations: 980 training error: 0.044586494890845214
iterations: 1000 training error: 0.044586494918855336
iterations: 1020 training error: 0.04458649494526932
iterations: 1040 training error: 0.044586494970218035
iterations: 1060 training error: 0.04458649499381915
iterations: 1080 training error: 0.04458649501617912
iterations: 1100 training error: 0.04458649503739147
iterations: 1120 training error: 0.04458649505754304
iterations: 1140 training error: 0.044586495076709885
iterations: 1160 training error: 0.0445864950949626
iterations: 1180 training error: 0.04458649511236441
iterations: 1200 training error: 0.044586495128973246
iterations: 1220 training error: 0.044586495144841296
iterations: 1240 training error: 0.04458649516001756
iterations: 1260 training error: 0.04458649517454461
iterations: 1280 training error: 0.044586495188463963
iterations: 1300 training error: 0.04458649520181225
iterations: 1320 training error: 0.04458649521462378
iterations: 1340 training error: 0.044586495226930034
iterations: 1360 training error: 0.04458649523876066
iterations: 1380 training error: 0.04458649525014132
iterations: 1400 training error: 0.044586495261097536
iterations: 1420 training error: 0.044586495271652746
iterations: 1440 training error: 0.04458649528182885
iterations: 1460 training error: 0.04458649529164464
iterations: 1480 training error: 0.044586495301118925
iterations: 1500 training error: 0.04458649531027021
iterations: 1520 training error: 0.04458649531911291
iterations: 1540 training error: 0.04458649532766321
iterations: 1560 training error: 0.04458649533593488
iterations: 1580 training error: 0.04458649534394173
iterations: 1600 training error: 0.04458649535169738
iterations: 1620 training error: 0.04458649535920848
iterations: 1640 training error: 0.04458649536649311
iterations: 1660 training error: 0.04458649537355608
iterations: 1680 training error: 0.0445864953804104
iterations: 1700 training error: 0.044586495387062
iterations: 1720 training error: 0.044586495393523384
iterations: 1740 training error: 0.044586495399799114
iterations: 1760 training error: 0.04458649540589923
iterations: 1780 training error: 0.04458649541182981
iterations: 1800 training error: 0.04458649541759845
iterations: 1820 training error: 0.04458649542321057
iterations: 1840 training error: 0.04458649542867436
iterations: 1860 training error: 0.04458649543399339
iterations: 1880 training error: 0.04458649543917441
iterations: 1900 training error: 0.044586495444222725
